Using pre-set license
Built from '2020.3/staging' branch; Version is '2020.3.0f1 (c7b5465681fb) revision 13088070'; Using compiler version '192528614'; Build Type 'Release'
OS: 'Windows 10 Education; OS build 18363.1500; Version 1909; 64bit' Language: 'es' Physical Memory: 16347 MB
BatchMode: 1, IsHumanControllingUs: 0, StartBugReporterOnCrash: 0, Is64bit: 1, IsPro: 0

 COMMAND LINE ARGUMENTS:
D:\Program Files\Unity\Editor\2020.3.0f1\Editor\Unity.exe
-adb2
-batchMode
-noUpm
-name
AssetImportWorker0
-projectPath
D:/Master/Programacion2D/PEC2/PEC2/New Unity Project
-logFile
Logs/AssetImportWorker0.log
-srvPort
57839
Successfully changed project path to: D:/Master/Programacion2D/PEC2/PEC2/New Unity Project
D:/Master/Programacion2D/PEC2/PEC2/New Unity Project
Using Asset Import Pipeline V2.
Refreshing native plugins compatible for Editor in 45.50 ms, found 1 plugins.
Preloading 0 native plugins for Editor in 0.00 ms.
Initialize engine version: 2020.3.0f1 (c7b5465681fb)
[Subsystems] Discovering subsystems at path D:/Program Files/Unity/Editor/2020.3.0f1/Editor/Data/Resources/UnitySubsystems
[Subsystems] Discovering subsystems at path D:/Master/Programacion2D/PEC2/PEC2/New Unity Project/Assets
GfxDevice: creating device client; threaded=0
Direct3D:
    Version:  Direct3D 11.0 [level 11.1]
    Renderer: NVIDIA GeForce GTX 960 (ID=0x1401)
    Vendor:   
    VRAM:     4053 MB
    Driver:   27.21.14.5730
Initialize mono
Mono path[0] = 'D:/Program Files/Unity/Editor/2020.3.0f1/Editor/Data/Managed'
Mono path[1] = 'D:/Program Files/Unity/Editor/2020.3.0f1/Editor/Data/MonoBleedingEdge/lib/mono/unityjit'
Mono config path = 'D:/Program Files/Unity/Editor/2020.3.0f1/Editor/Data/MonoBleedingEdge/etc'
Using monoOptions --debugger-agent=transport=dt_socket,embedding=1,server=y,suspend=n,address=127.0.0.1:56216
Begin MonoManager ReloadAssembly
Registering precompiled unity dll's ...
Register platform support module: D:/Program Files/Unity/Editor/2020.3.0f1/Editor/Data/PlaybackEngines/WindowsStandaloneSupport/UnityEditor.WindowsStandalone.Extensions.dll
Registered in 0.001397 seconds.
Native extension for WindowsStandalone target not found
Refreshing native plugins compatible for Editor in 42.45 ms, found 1 plugins.
Preloading 0 native plugins for Editor in 0.00 ms.
Invoked RoslynAnalysisRunner static constructor.
RoslynAnalysisRunner will not be running.
RoslynAnalysisRunner has terminated.
Mono: successfully reloaded assembly
- Completed reload, in  5.477 seconds
Platform modules already initialized, skipping
Registering precompiled user dll's ...
Registered in 0.001127 seconds.
Begin MonoManager ReloadAssembly
Native extension for WindowsStandalone target not found
Refreshing native plugins compatible for Editor in 38.98 ms, found 1 plugins.
Preloading 0 native plugins for Editor in 0.00 ms.
Invoked RoslynAnalysisRunner static constructor.
RoslynAnalysisRunner will not be running.
RoslynAnalysisRunner has terminated.
Mono: successfully reloaded assembly
- Completed reload, in  1.129 seconds
Platform modules already initialized, skipping
========================================================================
Worker process is ready to serve import requests
Launched and connected shader compiler UnityShaderCompiler.exe after 0.05 seconds
Refreshing native plugins compatible for Editor in 0.45 ms, found 1 plugins.
Preloading 0 native plugins for Editor in 0.00 ms.
Unloading 1816 Unused Serialized files (Serialized files now loaded: 0)
System memory in use before: 85.6 MB.
System memory in use after: 85.5 MB.

Unloading 24 unused Assets to reduce memory usage. Loaded Objects now: 2260.
Total: 2.478500 ms (FindLiveObjects: 0.208800 ms CreateObjectMapping: 0.079300 ms MarkObjects: 2.048300 ms  DeleteObjects: 0.140900 ms)

========================================================================
Received Import Request.
  path: Assets/Prefabs/Square.prefab
  artifactKey: Guid(8a4dab11c3be6774ca95880381581aa1) Importer(815301076,1909f56bfc062723c751e8b465ee728b)
Start importing Assets/Prefabs/Square.prefab using Guid(8a4dab11c3be6774ca95880381581aa1) Importer(815301076,1909f56bfc062723c751e8b465ee728b)  -> (artifact id: 'cc90d730bb2b78b5f227b144c7ec0572') in 0.118620 seconds
  Import took 0.122186 seconds .

========================================================================
Received Import Request.
  Time since last request: 0.000317 seconds.
  path: Assets/Prefabs/Wall.prefab
  artifactKey: Guid(3da8c8a7a4fc861459d49182519e94c1) Importer(815301076,1909f56bfc062723c751e8b465ee728b)
Start importing Assets/Prefabs/Wall.prefab using Guid(3da8c8a7a4fc861459d49182519e94c1) Importer(815301076,1909f56bfc062723c751e8b465ee728b)  -> (artifact id: 'd51b2995626ccd7d76b914af0adc191f') in 0.024978 seconds
  Import took 0.027975 seconds .

========================================================================
Received Import Request.
  Time since last request: 0.000270 seconds.
  path: Assets/Prefabs/Box.prefab
  artifactKey: Guid(88748009b7e633547ba3729ff983bf44) Importer(815301076,1909f56bfc062723c751e8b465ee728b)
Start importing Assets/Prefabs/Box.prefab using Guid(88748009b7e633547ba3729ff983bf44) Importer(815301076,1909f56bfc062723c751e8b465ee728b)  -> (artifact id: '9a376981abbc7d8e095071b2d793ceb1') in 0.017488 seconds
  Import took 0.021414 seconds .

========================================================================
Received Import Request.
  Time since last request: 0.000178 seconds.
  path: Assets/Prefabs/Goal.prefab
  artifactKey: Guid(90919e92a506e2841af18ab68ac1c382) Importer(815301076,1909f56bfc062723c751e8b465ee728b)
Start importing Assets/Prefabs/Goal.prefab using Guid(90919e92a506e2841af18ab68ac1c382) Importer(815301076,1909f56bfc062723c751e8b465ee728b)  -> (artifact id: '38df940ce24957e536e29e11cb9320ef') in 0.023590 seconds
  Import took 0.026910 seconds .

========================================================================
Received Import Request.
  Time since last request: 0.000187 seconds.
  path: Assets/Prefabs/Map.prefab
  artifactKey: Guid(c1c69ed633950794d8b694715697cb42) Importer(815301076,1909f56bfc062723c751e8b465ee728b)
Start importing Assets/Prefabs/Map.prefab using Guid(c1c69ed633950794d8b694715697cb42) Importer(815301076,1909f56bfc062723c751e8b465ee728b)  -> (artifact id: 'e455a3c5c095e21b912c370fc01dcc00') in 0.010008 seconds
  Import took 0.020736 seconds .

========================================================================
Received Import Request.
  Time since last request: 0.000386 seconds.
  path: Assets/Prefabs/Character.prefab
  artifactKey: Guid(6bf8b98505d37f8458eb6a4eab9c344a) Importer(815301076,1909f56bfc062723c751e8b465ee728b)
Start importing Assets/Prefabs/Character.prefab using Guid(6bf8b98505d37f8458eb6a4eab9c344a) Importer(815301076,1909f56bfc062723c751e8b465ee728b)  -> (artifact id: '84a9ea2579b582e12622e2d3ffb0524c') in 0.012201 seconds
  Import took 0.019160 seconds .

AssetImportWorkerClient::OnTransportError - code=2 error=End of file
